1, 2
1, 3
1, 4
1, 5
1, 9
2, 3
3, 4
3, 8
4, 10
4, 12
4, 5
1, 13
1, 24
1, 32
1, 33
1, 34
1, 35
1, 42
4, 42
1, 3549
1, 11537
1, 133296
2, 6147
2, 21954
2, 26862
2, 37030
3, 293
3, 6147
3, 6939
3, 23248
3, 27881
3, 56994
3, 137098
3, 138783
3, 266177
3, 266813
4, 6147
4, 205906
4, 268517
5, 52352
6, 200612
8, 1700
8, 34805
10, 46392
10, 200612
12, 54965
13, 1508
24, 293
24, 2153
24, 7575
24, 10343
24, 22388
32, 3671
32, 46750
33, 54680
34, 2
34, 10466
34, 30641
35, 5691
42, 112
42, 187
42, 250
42, 286
42, 293
42, 553
42, 680
42, 701
42, 715
42, 852
42, 1103
42, 1248
42, 1267
42, 1273
42, 1280
42, 1403
